<?xml version="1.0" encoding="UTF-8"?>
<Site BuildName="(empty)"
	BuildStamp="20240312-0706-Experimental"
	Name="phong"
	Generator="ctest-3.25.1"
	CompilerName="/usr/bin/g++"
	CompilerVersion="11.4.0"
	OSName="Linux"
	Hostname="phong"
	OSRelease="6.5.0-25-generic"
	OSVersion="#25~22.04.1-Ubuntu SMP PREEMPT_DYNAMIC Tue Feb 20 16:09:15 UTC 2"
	OSPlatform="x86_64"
	Is64Bits="1"
	VendorString="AuthenticAMD"
	VendorID="Advanced Micro Devices"
	FamilyID="23"
	ModelID="24"
	ProcessorCacheSize="512"
	NumberOfLogicalCPU="8"
	NumberOfPhysicalCPU="4"
	TotalVirtualMemory="2047"
	TotalPhysicalMemory="5850"
	LogicalProcessorsPerPhysical="2"
	ProcessorClockFrequency="3679.6"
	>
	<Testing>
		<StartDateTime>Mar 12 14:06 +07</StartDateTime>
		<StartTestTime>1710227162</StartTestTime>
		<TestList/>
		<EndDateTime>Mar 12 14:06 +07</EndDateTime>
		<EndTestTime>1710227162</EndTestTime>
		<ElapsedMinutes>0</ElapsedMinutes>
	</Testing>
</Site>
